        -:    0:Source:C:/Code/C++/LabTest/main.cpp
        -:    0:Graph:C:\Code\C++\LabTest\cmake-build-debug-coverage\CMakeFiles\LabTest.dir\main.cpp.gcno
        -:    0:Data:C:\Code\C++\LabTest\cmake-build-debug-coverage\CMakeFiles\LabTest.dir\main.cpp.gcda
        -:    0:Runs:1
        -:    1:#include <iostream>
        -:    2:
function main called 1 returned 100% blocks executed 100%
        1:    3:int main() {
        1:    4:    std::cout << "Hello, World!" << std::endl;
        1:    4-block  0
call    0 returned 1
call    1 returned 1
        1:    5:    return 0;
        -:    6:}
